This file contains any messages produced by compilers while
running configure, to aid debugging if configure makes a mistake.

It was created by GNU C Library configure (see version.h), which was
generated by GNU Autoconf 2.69.  Invocation command line was

  $ ./configure --prefix=/usr

## --------- ##
## Platform. ##
## --------- ##

hostname = localhost.localdomain
uname -m = x86_64
uname -r = 5.10.0-182.0.0.95.oe2203sp3.x86_64
uname -s = Linux
uname -v = #1 SMP Sat Dec 30 13:10:36 CST 2023

/usr/bin/uname -p = x86_64
/bin/uname -X     = unknown

/bin/arch              = x86_64
/usr/bin/arch -k       = unknown
/usr/convex/getsysinfo = unknown
/usr/bin/hostinfo      = unknown
/bin/machine           = unknown
/usr/bin/oslevel       = unknown
/bin/universe          = unknown

PATH: /usr/local/sbin
PATH: /usr/local/bin
PATH: /usr/sbin
PATH: /usr/bin
PATH: /root/bin


## ----------- ##
## Core tests. ##
## ----------- ##

configure:2250: checking build system type
configure:2264: result: x86_64-pc-linux-gnu
configure:2284: checking host system type
configure:2297: result: x86_64-pc-linux-gnu
configure:2366: checking for gcc
configure:2382: found /usr/bin/gcc
configure:2393: result: gcc
configure:2622: checking for C compiler version
configure:2631: gcc --version >&5
gcc (GCC) 10.3.1
Copyright (C) 2020 Free Software Foundation, Inc.
This is free software; see the source for copying conditions.  There is NO
warranty; not even for MERCHANTABILITY or FITNESS FOR A PARTICULAR PURPOSE.

configure:2642: $? = 0
configure:2631: gcc -v >&5
Using built-in specs.
COLLECT_GCC=gcc
COLLECT_LTO_WRAPPER=/usr/libexec/gcc/x86_64-linux-gnu/10.3.1/lto-wrapper
Target: x86_64-linux-gnu
Configured with: ../configure --prefix=/usr --mandir=/usr/share/man --infodir=/usr/share/info --enable-shared --enable-threads=posix --enable-checking=release --with-system-zlib --enable-__cxa_atexit --disable-libunwind-exceptions --enable-gnu-unique-object --enable-linker-build-id --with-linker-hash-style=gnu --enable-languages=c,c++,fortran,objc,obj-c++,lto --enable-plugin --enable-initfini-array --disable-libgcj --without-cloog --enable-gnu-indirect-function --build=x86_64-linux-gnu --with-stage1-ldflags=' -Wl,-z,relro,-z,now' --with-boot-ldflags=' -Wl,-z,relro,-z,now' --disable-bootstrap --without-isl --with-tune=generic --with-arch_32=x86-64 --disable-multilib
Thread model: posix
Supported LTO compression algorithms: zlib
gcc version 10.3.1 (GCC) 
configure:2642: $? = 0
configure:2631: gcc -V >&5
gcc: error: unrecognized command-line option '-V'
gcc: fatal error: no input files
compilation terminated.
configure:2642: $? = 1
configure:2631: gcc -qversion >&5
gcc: error: unrecognized command-line option '-qversion'; did you mean '--version'?
gcc: fatal error: no input files
compilation terminated.
configure:2642: $? = 1
configure:2647: checking for suffix of object files
configure:2669: gcc -c   conftest.c >&5
configure:2673: $? = 0
configure:2694: result: o
configure:2698: checking whether we are using the GNU C compiler
configure:2717: gcc -c   conftest.c >&5
configure:2717: $? = 0
configure:2726: result: yes
configure:2735: checking whether gcc accepts -g
configure:2755: gcc -c -g  conftest.c >&5
configure:2755: $? = 0
configure:2796: result: yes
configure:2916: checking for readelf
configure:2932: found /usr/bin/readelf
configure:2943: result: readelf
configure:3025: checking for g++
configure:3055: result: no
configure:3025: checking for c++
configure:3055: result: no
configure:3025: checking for gpp
configure:3055: result: no
configure:3025: checking for aCC
configure:3055: result: no
configure:3025: checking for CC
configure:3055: result: no
configure:3025: checking for cxx
configure:3055: result: no
configure:3025: checking for cc++
configure:3055: result: no
configure:3025: checking for cl.exe
configure:3055: result: no
configure:3025: checking for FCC
configure:3055: result: no
configure:3025: checking for KCC
configure:3055: result: no
configure:3025: checking for RCC
configure:3055: result: no
configure:3025: checking for xlC_r
configure:3055: result: no
configure:3025: checking for xlC
configure:3055: result: no
configure:3079: checking for C++ compiler version
configure:3088: g++ --version >&5
./configure: line 3090: g++: command not found
configure:3099: $? = 127
configure:3088: g++ -v >&5
./configure: line 3090: g++: command not found
configure:3099: $? = 127
configure:3088: g++ -V >&5
./configure: line 3090: g++: command not found
configure:3099: $? = 127
configure:3088: g++ -qversion >&5
./configure: line 3090: g++: command not found
configure:3099: $? = 127
configure:3103: checking whether we are using the GNU C++ compiler
configure:3122: g++ -c   conftest.cpp >&5
./configure: line 1633: g++: command not found
configure:3122: $? = 127
configure: failed program was:
| /* confdefs.h */
| #define PACKAGE_NAME "GNU C Library"
| #define PACKAGE_TARNAME "glibc"
| #define PACKAGE_VERSION "(see version.h)"
| #define PACKAGE_STRING "GNU C Library (see version.h)"
| #define PACKAGE_BUGREPORT "https://sourceware.org/bugzilla/"
| #define PACKAGE_URL "https://www.gnu.org/software/glibc/"
| #define PKGVERSION "(GNU libc) "
| #define REPORT_BUGS_TO "<https://www.gnu.org/software/libc/bugs.html>"
| /* end confdefs.h.  */
| 
| int
| main ()
| {
| #ifndef __GNUC__
|        choke me
| #endif
| 
|   ;
|   return 0;
| }
configure:3131: result: no
configure:3140: checking whether g++ accepts -g
configure:3160: g++ -c -g  conftest.cpp >&5
./configure: line 1633: g++: command not found
configure:3160: $? = 127
configure: failed program was:
| /* confdefs.h */
| #define PACKAGE_NAME "GNU C Library"
| #define PACKAGE_TARNAME "glibc"
| #define PACKAGE_VERSION "(see version.h)"
| #define PACKAGE_STRING "GNU C Library (see version.h)"
| #define PACKAGE_BUGREPORT "https://sourceware.org/bugzilla/"
| #define PACKAGE_URL "https://www.gnu.org/software/glibc/"
| #define PKGVERSION "(GNU libc) "
| #define REPORT_BUGS_TO "<https://www.gnu.org/software/libc/bugs.html>"
| /* end confdefs.h.  */
| 
| int
| main ()
| {
| 
|   ;
|   return 0;
| }
configure:3175: g++ -c   conftest.cpp >&5
./configure: line 1633: g++: command not found
configure:3175: $? = 127
configure: failed program was:
| /* confdefs.h */
| #define PACKAGE_NAME "GNU C Library"
| #define PACKAGE_TARNAME "glibc"
| #define PACKAGE_VERSION "(see version.h)"
| #define PACKAGE_STRING "GNU C Library (see version.h)"
| #define PACKAGE_BUGREPORT "https://sourceware.org/bugzilla/"
| #define PACKAGE_URL "https://www.gnu.org/software/glibc/"
| #define PKGVERSION "(GNU libc) "
| #define REPORT_BUGS_TO "<https://www.gnu.org/software/libc/bugs.html>"
| /* end confdefs.h.  */
| 
| int
| main ()
| {
| 
|   ;
|   return 0;
| }
configure:3191: g++ -c -g  conftest.cpp >&5
./configure: line 1633: g++: command not found
configure:3191: $? = 127
configure: failed program was:
| /* confdefs.h */
| #define PACKAGE_NAME "GNU C Library"
| #define PACKAGE_TARNAME "glibc"
| #define PACKAGE_VERSION "(see version.h)"
| #define PACKAGE_STRING "GNU C Library (see version.h)"
| #define PACKAGE_BUGREPORT "https://sourceware.org/bugzilla/"
| #define PACKAGE_URL "https://www.gnu.org/software/glibc/"
| #define PKGVERSION "(GNU libc) "
| #define REPORT_BUGS_TO "<https://www.gnu.org/software/libc/bugs.html>"
| /* end confdefs.h.  */
| 
| int
| main ()
| {
| 
|   ;
|   return 0;
| }
configure:3201: result: no
configure:3226: checking whether g++ can link programs
configure:3249: g++ -o conftest    conftest.cpp  >&5
./configure: line 1671: g++: command not found
configure:3249: $? = 127
configure: failed program was:
| /* confdefs.h */
| #define PACKAGE_NAME "GNU C Library"
| #define PACKAGE_TARNAME "glibc"
| #define PACKAGE_VERSION "(see version.h)"
| #define PACKAGE_STRING "GNU C Library (see version.h)"
| #define PACKAGE_BUGREPORT "https://sourceware.org/bugzilla/"
| #define PACKAGE_URL "https://www.gnu.org/software/glibc/"
| #define PKGVERSION "(GNU libc) "
| #define REPORT_BUGS_TO "<https://www.gnu.org/software/libc/bugs.html>"
| /* end confdefs.h.  */
| 
| int
| main ()
| {
| 
|   ;
|   return 0;
| }
configure:3272: g++ -o conftest    -static conftest.cpp  >&5
./configure: line 1671: g++: command not found
configure:3272: $? = 127
configure: failed program was:
| /* confdefs.h */
| #define PACKAGE_NAME "GNU C Library"
| #define PACKAGE_TARNAME "glibc"
| #define PACKAGE_VERSION "(see version.h)"
| #define PACKAGE_STRING "GNU C Library (see version.h)"
| #define PACKAGE_BUGREPORT "https://sourceware.org/bugzilla/"
| #define PACKAGE_URL "https://www.gnu.org/software/glibc/"
| #define PKGVERSION "(GNU libc) "
| #define REPORT_BUGS_TO "<https://www.gnu.org/software/libc/bugs.html>"
| /* end confdefs.h.  */
| 
| #include <iostream>
| 
| int
| main()
| {
|   std::cout << "Hello, world!";
|   return 0;
| }
| 
configure:3287: result: no
configure:3294: error: you must configure in a separate build directory

## ---------------- ##
## Cache variables. ##
## ---------------- ##

ac_cv_build=x86_64-pc-linux-gnu
ac_cv_c_compiler_gnu=yes
ac_cv_cxx_compiler_gnu=no
ac_cv_env_CCC_set=
ac_cv_env_CCC_value=
ac_cv_env_CC_set=
ac_cv_env_CC_value=
ac_cv_env_CFLAGS_set=
ac_cv_env_CFLAGS_value=
ac_cv_env_CPPFLAGS_set=
ac_cv_env_CPPFLAGS_value=
ac_cv_env_CPP_set=
ac_cv_env_CPP_value=
ac_cv_env_CXXFLAGS_set=
ac_cv_env_CXXFLAGS_value=
ac_cv_env_CXX_set=
ac_cv_env_CXX_value=
ac_cv_env_LDFLAGS_set=
ac_cv_env_LDFLAGS_value=
ac_cv_env_LIBS_set=
ac_cv_env_LIBS_value=
ac_cv_env_build_alias_set=
ac_cv_env_build_alias_value=
ac_cv_env_host_alias_set=
ac_cv_env_host_alias_value=
ac_cv_env_target_alias_set=
ac_cv_env_target_alias_value=
ac_cv_host=x86_64-pc-linux-gnu
ac_cv_objext=o
ac_cv_prog_ac_ct_CC=gcc
ac_cv_prog_ac_ct_READELF=readelf
ac_cv_prog_cc_g=yes
ac_cv_prog_cxx_g=no
libc_cv_cxx_link_ok=no

## ----------------- ##
## Output variables. ##
## ----------------- ##

AR=''
AS=''
ASFLAGS_config=''
AUTOCONF=''
AWK=''
BASH_SHELL=''
BISON=''
BUILD_CC=''
CC='gcc'
CFLAGS='-g -O2'
CPP='gcc -E'
CPPFLAGS=''
CPPUNDEFS=''
CXX=''
CXXFLAGS=''
CXX_BITS_STD_ABS_H=''
CXX_CMATH_HEADER=''
CXX_CSTDLIB_HEADER=''
CXX_SYSINCLUDES=''
DEFINES=''
DEFS=''
ECHO_C=''
ECHO_N='-n'
ECHO_T=''
GPROF=''
INSTALL_DATA=''
INSTALL_INFO=''
INSTALL_PROGRAM=''
INSTALL_SCRIPT=''
LD=''
LDFLAGS=''
LIBGD=''
LIBOBJS=''
LIBS=''
LN_S=''
LTLIBOBJS=''
MAKE=''
MAKEINFO=''
MSGFMT=''
NM=''
OBJCOPY=''
OBJDUMP=''
OBJEXT='o'
PACKAGE_BUGREPORT='https://sourceware.org/bugzilla/'
PACKAGE_NAME='GNU C Library'
PACKAGE_STRING='GNU C Library (see version.h)'
PACKAGE_TARNAME='glibc'
PACKAGE_URL='https://www.gnu.org/software/glibc/'
PACKAGE_VERSION='(see version.h)'
PATH_SEPARATOR=':'
PERL=''
PKGVERSION='(GNU libc) '
PKGVERSION_TEXI='(GNU libc) '
PYTHON=''
PYTHON_PROG=''
READELF='readelf'
RELEASE=''
REPORT_BUGS_TEXI='@uref{https://www.gnu.org/software/libc/bugs.html}'
REPORT_BUGS_TO='<https://www.gnu.org/software/libc/bugs.html>'
SED=''
SHELL='/bin/sh'
SYSINCLUDES=''
VERSION=''
ac_ct_CC='gcc'
ac_ct_CXX=''
all_warnings=''
base_machine=''
bindir='${exec_prefix}/bin'
bindnow=''
build='x86_64-pc-linux-gnu'
build_alias=''
build_cpu='x86_64'
build_crypt=''
build_nscd=''
build_os='linux-gnu'
build_pt_chown=''
build_vendor='pc'
cross_compiling='no'
datadir='${datarootdir}'
datarootdir='${prefix}/share'
docdir='${datarootdir}/doc/${PACKAGE_TARNAME}'
dvidir='${docdir}'
enable_timezone_tools=''
enable_werror=''
exec_prefix='NONE'
experimental_malloc=''
extra_nonshared_cflags=''
fno_unit_at_a_time=''
force_install=''
hardcoded_path_in_tests=''
have_libaudit=''
have_libcap=''
have_selinux=''
have_tunables=''
host='x86_64-pc-linux-gnu'
host_alias=''
host_cpu='x86_64'
host_os='linux-gnu'
host_vendor='pc'
htmldir='${docdir}'
includedir='${prefix}/include'
infodir='${datarootdir}/info'
ldd_rewrite_script=''
libc_cv_cc_loop_to_function=''
libc_cv_cc_nofma=''
libc_cv_cc_pie_default=''
libc_cv_cc_submachine=''
libc_cv_cc_with_libunwind=''
libc_cv_complocaledir=''
libc_cv_cxx_thread_local=''
libc_cv_fpie=''
libc_cv_gcc_unwind_find_fde=''
libc_cv_has_glob_dat=''
libc_cv_hashstyle=''
libc_cv_insert=''
libc_cv_localstatedir=''
libc_cv_mtls_dialect_gnu2=''
libc_cv_multidir=''
libc_cv_nss_crypt=''
libc_cv_pic_default=''
libc_cv_pie_default=''
libc_cv_protected_data=''
libc_cv_rootsbindir=''
libc_cv_rtlddir=''
libc_cv_slibdir=''
libc_cv_ssp=''
libc_cv_static_nss_crypt=''
libc_cv_sysconfdir=''
libc_cv_textrel_ifunc=''
libc_cv_with_fp=''
libc_cv_z_combreloc=''
libc_cv_z_execstack=''
libc_extra_cflags=''
libc_extra_cppflags=''
libdir='${exec_prefix}/lib'
libexecdir='${exec_prefix}/libexec'
localedir='${datarootdir}/locale'
localstatedir='${prefix}/var'
mach_interface_list=''
mandir='${datarootdir}/man'
memory_tagging=''
multi_arch=''
no_stack_protector=''
oldincludedir='/usr/include'
pdfdir='${docdir}'
prefix='/usr'
profile=''
program_transform_name='s,x,x,'
psdir='${docdir}'
pthread_in_libc=''
sbindir='${exec_prefix}/sbin'
shared=''
sharedstatedir='${prefix}/com'
stack_protector=''
static=''
static_nss=''
subdirs=' '
submachine=''
sysconfdir='${prefix}/etc'
sysheaders=''
sysnames=''
target_alias=''
use_default_link=''
use_ldconfig=''
use_nscd=''

## ----------- ##
## confdefs.h. ##
## ----------- ##

/* confdefs.h */
#define PACKAGE_NAME "GNU C Library"
#define PACKAGE_TARNAME "glibc"
#define PACKAGE_VERSION "(see version.h)"
#define PACKAGE_STRING "GNU C Library (see version.h)"
#define PACKAGE_BUGREPORT "https://sourceware.org/bugzilla/"
#define PACKAGE_URL "https://www.gnu.org/software/glibc/"
#define PKGVERSION "(GNU libc) "
#define REPORT_BUGS_TO "<https://www.gnu.org/software/libc/bugs.html>"

configure: exit 1
